Compiling the C compiler identification source file "CMakeCCompilerId.c" failed.
Compiler: cl 
Build flags: 
Id flags: 

The output was:
O sistema não pode encontrar o arquivo especificado


Compiling the C compiler identification source file "CMakeCCompilerId.c" failed.
Compiler: cl 
Build flags: 
Id flags: -c

The output was:
O sistema não pode encontrar o arquivo especificado


Compiling the C compiler identification source file "CMakeCCompilerId.c" failed.
Compiler: cl 
Build flags: 
Id flags: -Aa

The output was:
O sistema não pode encontrar o arquivo especificado


Compiling the CXX compiler identification source file "CMakeCXXCompilerId.cpp" failed.
Compiler: cl 
Build flags: 
Id flags: 

The output was:
O sistema não pode encontrar o arquivo especificado


Compiling the CXX compiler identification source file "CMakeCXXCompilerId.cpp" failed.
Compiler: cl 
Build flags: 
Id flags: -c

The output was:
O sistema não pode encontrar o arquivo especificado


Determining the version of compiler failed with the following output:
CreateProcessError: O sistema não pode encontrar o arquivo especificado.

for command: cl /nologo -EP "C:\Users\EZEQUIEL\Desktop\baralho\share\cmake-2.8\Modules\CMakeTestNMakeCLVersion.c"

Determining if this is a free VC compiler failed with the following output:
CreateProcessError: O sistema não pode encontrar o arquivo especificado.

for command: cl /nologo /MD /EHsc "C:\Users\EZEQUIEL\Desktop\baralho\share\cmake-2.8\Modules\CMakeTestForFreeVC.cxx" 
in dir: C:/Users/EZEQUIEL/Desktop/baralho/bin/CMakeFiles/CMakeTmp2

Determining if the C compiler works failed with the following output:


Compiling the C compiler identification source file "CMakeCCompilerId.c" failed.
Compiler: cl 
Build flags: ;/DWIN32;/D_WINDOWS;/W3;/Zm1000
Id flags: 

The output was:
O sistema não pode encontrar o arquivo especificado


Compiling the C compiler identification source file "CMakeCCompilerId.c" failed.
Compiler: cl 
Build flags: ;/DWIN32;/D_WINDOWS;/W3;/Zm1000
Id flags: -c

The output was:
O sistema não pode encontrar o arquivo especificado


Compiling the C compiler identification source file "CMakeCCompilerId.c" failed.
Compiler: cl 
Build flags: ;/DWIN32;/D_WINDOWS;/W3;/Zm1000
Id flags: -Aa

The output was:
O sistema não pode encontrar o arquivo especificado


Compiling the CXX compiler identification source file "CMakeCXXCompilerId.cpp" failed.
Compiler: cl 
Build flags: 
Id flags: 

The output was:
O sistema não pode encontrar o arquivo especificado


Compiling the CXX compiler identification source file "CMakeCXXCompilerId.cpp" failed.
Compiler: cl 
Build flags: 
Id flags: -c

The output was:
O sistema não pode encontrar o arquivo especificado


Determining the version of compiler failed with the following output:
CreateProcessError: O sistema não pode encontrar o arquivo especificado.

for command: cl /nologo -EP "C:\Users\EZEQUIEL\Desktop\baralho\share\cmake-2.8\Modules\CMakeTestNMakeCLVersion.c"

Determining if this is a free VC compiler failed with the following output:
CreateProcessError: O sistema não pode encontrar o arquivo especificado.

for command: cl /nologo /MD /EHsc "C:\Users\EZEQUIEL\Desktop\baralho\share\cmake-2.8\Modules\CMakeTestForFreeVC.cxx" 
in dir: C:/Users/EZEQUIEL/Desktop/baralho/bin/CMakeFiles/CMakeTmp2

Determining if the C compiler works failed with the following output:


Compiling the C compiler identification source file "CMakeCCompilerId.c" failed.
Compiler: cl 
Build flags: ;/DWIN32;/D_WINDOWS;/W3;/Zm1000
Id flags: 

The output was:
O sistema não pode encontrar o arquivo especificado


Compiling the C compiler identification source file "CMakeCCompilerId.c" failed.
Compiler: cl 
Build flags: ;/DWIN32;/D_WINDOWS;/W3;/Zm1000
Id flags: -c

The output was:
O sistema não pode encontrar o arquivo especificado


Compiling the C compiler identification source file "CMakeCCompilerId.c" failed.
Compiler: cl 
Build flags: ;/DWIN32;/D_WINDOWS;/W3;/Zm1000
Id flags: -Aa

The output was:
O sistema não pode encontrar o arquivo especificado


Compiling the CXX compiler identification source file "CMakeCXXCompilerId.cpp" failed.
Compiler: cl 
Build flags: 
Id flags: 

The output was:
O sistema não pode encontrar o arquivo especificado


Compiling the CXX compiler identification source file "CMakeCXXCompilerId.cpp" failed.
Compiler: cl 
Build flags: 
Id flags: -c

The output was:
O sistema não pode encontrar o arquivo especificado


Determining the version of compiler failed with the following output:
CreateProcessError: O sistema não pode encontrar o arquivo especificado.

for command: cl /nologo -EP "C:\Users\EZEQUIEL\Desktop\baralho\share\cmake-2.8\Modules\CMakeTestNMakeCLVersion.c"

Determining if this is a free VC compiler failed with the following output:
CreateProcessError: O sistema não pode encontrar o arquivo especificado.

for command: cl /nologo /MD /EHsc "C:\Users\EZEQUIEL\Desktop\baralho\share\cmake-2.8\Modules\CMakeTestForFreeVC.cxx" 
in dir: C:/Users/EZEQUIEL/Desktop/baralho/bin/CMakeFiles/CMakeTmp2

Determining if the C compiler works failed with the following output:


Compiling the C compiler identification source file "CMakeCCompilerId.c" failed.
Compiler: cl 
Build flags: ;/DWIN32;/D_WINDOWS;/W3;/Zm1000
Id flags: 

The output was:
O sistema não pode encontrar o arquivo especificado


Compiling the C compiler identification source file "CMakeCCompilerId.c" failed.
Compiler: cl 
Build flags: ;/DWIN32;/D_WINDOWS;/W3;/Zm1000
Id flags: -c

The output was:
O sistema não pode encontrar o arquivo especificado


Compiling the C compiler identification source file "CMakeCCompilerId.c" failed.
Compiler: cl 
Build flags: ;/DWIN32;/D_WINDOWS;/W3;/Zm1000
Id flags: -Aa

The output was:
O sistema não pode encontrar o arquivo especificado


Compiling the CXX compiler identification source file "CMakeCXXCompilerId.cpp" failed.
Compiler: cl 
Build flags: 
Id flags: 

The output was:
O sistema não pode encontrar o arquivo especificado


Compiling the CXX compiler identification source file "CMakeCXXCompilerId.cpp" failed.
Compiler: cl 
Build flags: 
Id flags: -c

The output was:
O sistema não pode encontrar o arquivo especificado


Determining the version of compiler failed with the following output:
CreateProcessError: O sistema não pode encontrar o arquivo especificado.

for command: cl /nologo -EP "C:\Users\EZEQUIEL\Desktop\baralho\share\cmake-2.8\Modules\CMakeTestNMakeCLVersion.c"

Determining if this is a free VC compiler failed with the following output:
CreateProcessError: O sistema não pode encontrar o arquivo especificado.

for command: cl /nologo /MD /EHsc "C:\Users\EZEQUIEL\Desktop\baralho\share\cmake-2.8\Modules\CMakeTestForFreeVC.cxx" 
in dir: C:/Users/EZEQUIEL/Desktop/baralho/bin/CMakeFiles/CMakeTmp2

Determining if the C compiler works failed with the following output:


Compiling the C compiler identification source file "CMakeCCompilerId.c" failed.
Compiler: cl 
Build flags: ;/DWIN32;/D_WINDOWS;/W3;/Zm1000
Id flags: 

The output was:
O sistema não pode encontrar o arquivo especificado


Compiling the C compiler identification source file "CMakeCCompilerId.c" failed.
Compiler: cl 
Build flags: ;/DWIN32;/D_WINDOWS;/W3;/Zm1000
Id flags: -c

The output was:
O sistema não pode encontrar o arquivo especificado


Compiling the C compiler identification source file "CMakeCCompilerId.c" failed.
Compiler: cl 
Build flags: ;/DWIN32;/D_WINDOWS;/W3;/Zm1000
Id flags: -Aa

The output was:
O sistema não pode encontrar o arquivo especificado


Compiling the CXX compiler identification source file "CMakeCXXCompilerId.cpp" failed.
Compiler: cl 
Build flags: 
Id flags: 

The output was:
O sistema não pode encontrar o arquivo especificado


Compiling the CXX compiler identification source file "CMakeCXXCompilerId.cpp" failed.
Compiler: cl 
Build flags: 
Id flags: -c

The output was:
O sistema não pode encontrar o arquivo especificado


Determining the version of compiler failed with the following output:
CreateProcessError: O sistema não pode encontrar o arquivo especificado.

for command: cl /nologo -EP "C:\Users\EZEQUIEL\Desktop\baralho\share\cmake-2.8\Modules\CMakeTestNMakeCLVersion.c"

Determining if this is a free VC compiler failed with the following output:
CreateProcessError: O sistema não pode encontrar o arquivo especificado.

for command: cl /nologo /MD /EHsc "C:\Users\EZEQUIEL\Desktop\baralho\share\cmake-2.8\Modules\CMakeTestForFreeVC.cxx" 
in dir: C:/Users/EZEQUIEL/Desktop/baralho/bin/CMakeFiles/CMakeTmp2

Determining if the C compiler works failed with the following output:


Compiling the C compiler identification source file "CMakeCCompilerId.c" failed.
Compiler: cl 
Build flags: ;/DWIN32;/D_WINDOWS;/W3;/Zm1000
Id flags: 

The output was:
O sistema não pode encontrar o arquivo especificado


Compiling the C compiler identification source file "CMakeCCompilerId.c" failed.
Compiler: cl 
Build flags: ;/DWIN32;/D_WINDOWS;/W3;/Zm1000
Id flags: -c

The output was:
O sistema não pode encontrar o arquivo especificado


Compiling the C compiler identification source file "CMakeCCompilerId.c" failed.
Compiler: cl 
Build flags: ;/DWIN32;/D_WINDOWS;/W3;/Zm1000
Id flags: -Aa

The output was:
O sistema não pode encontrar o arquivo especificado


Compiling the CXX compiler identification source file "CMakeCXXCompilerId.cpp" failed.
Compiler: cl 
Build flags: 
Id flags: 

The output was:
O sistema não pode encontrar o arquivo especificado


Compiling the CXX compiler identification source file "CMakeCXXCompilerId.cpp" failed.
Compiler: cl 
Build flags: 
Id flags: -c

The output was:
O sistema não pode encontrar o arquivo especificado


Determining the version of compiler failed with the following output:
CreateProcessError: O sistema não pode encontrar o arquivo especificado.

for command: cl /nologo -EP "C:\Users\EZEQUIEL\Desktop\baralho\share\cmake-2.8\Modules\CMakeTestNMakeCLVersion.c"

Determining if this is a free VC compiler failed with the following output:
CreateProcessError: O sistema não pode encontrar o arquivo especificado.

for command: cl /nologo /MD /EHsc "C:\Users\EZEQUIEL\Desktop\baralho\share\cmake-2.8\Modules\CMakeTestForFreeVC.cxx" 
in dir: C:/Users/EZEQUIEL/Desktop/baralho/bin/CMakeFiles/CMakeTmp2

Determining if the C compiler works failed with the following output:


Compiling the C compiler identification source file "CMakeCCompilerId.c" failed.
Compiler: cl 
Build flags: ;/DWIN32;/D_WINDOWS;/W3;/Zm1000
Id flags: 

The output was:
O sistema não pode encontrar o arquivo especificado


Compiling the C compiler identification source file "CMakeCCompilerId.c" failed.
Compiler: cl 
Build flags: ;/DWIN32;/D_WINDOWS;/W3;/Zm1000
Id flags: -c

The output was:
O sistema não pode encontrar o arquivo especificado


Compiling the C compiler identification source file "CMakeCCompilerId.c" failed.
Compiler: cl 
Build flags: ;/DWIN32;/D_WINDOWS;/W3;/Zm1000
Id flags: -Aa

The output was:
O sistema não pode encontrar o arquivo especificado


Compiling the CXX compiler identification source file "CMakeCXXCompilerId.cpp" failed.
Compiler: cl 
Build flags: 
Id flags: 

The output was:
O sistema não pode encontrar o arquivo especificado


Compiling the CXX compiler identification source file "CMakeCXXCompilerId.cpp" failed.
Compiler: cl 
Build flags: 
Id flags: -c

The output was:
O sistema não pode encontrar o arquivo especificado


Determining the version of compiler failed with the following output:
CreateProcessError: O sistema não pode encontrar o arquivo especificado.

for command: cl /nologo -EP "C:\Users\EZEQUIEL\Desktop\baralho\share\cmake-2.8\Modules\CMakeTestNMakeCLVersion.c"

Determining if this is a free VC compiler failed with the following output:
CreateProcessError: O sistema não pode encontrar o arquivo especificado.

for command: cl /nologo /MD /EHsc "C:\Users\EZEQUIEL\Desktop\baralho\share\cmake-2.8\Modules\CMakeTestForFreeVC.cxx" 
in dir: C:/Users/EZEQUIEL/Desktop/baralho/bin/CMakeFiles/CMakeTmp2

Determining if the C compiler works failed with the following output:


Compiling the C compiler identification source file "CMakeCCompilerId.c" failed.
Compiler: cl 
Build flags: ;/DWIN32;/D_WINDOWS;/W3;/Zm1000
Id flags: 

The output was:
O sistema não pode encontrar o arquivo especificado


Compiling the C compiler identification source file "CMakeCCompilerId.c" failed.
Compiler: cl 
Build flags: ;/DWIN32;/D_WINDOWS;/W3;/Zm1000
Id flags: -c

The output was:
O sistema não pode encontrar o arquivo especificado


Compiling the C compiler identification source file "CMakeCCompilerId.c" failed.
Compiler: cl 
Build flags: ;/DWIN32;/D_WINDOWS;/W3;/Zm1000
Id flags: -Aa

The output was:
O sistema não pode encontrar o arquivo especificado


Compiling the CXX compiler identification source file "CMakeCXXCompilerId.cpp" failed.
Compiler: cl 
Build flags: 
Id flags: 

The output was:
O sistema não pode encontrar o arquivo especificado


Compiling the CXX compiler identification source file "CMakeCXXCompilerId.cpp" failed.
Compiler: cl 
Build flags: 
Id flags: -c

The output was:
O sistema não pode encontrar o arquivo especificado


Determining the version of compiler failed with the following output:
CreateProcessError: O sistema não pode encontrar o arquivo especificado.

for command: cl /nologo -EP "C:\Users\EZEQUIEL\Desktop\baralho\share\cmake-2.8\Modules\CMakeTestNMakeCLVersion.c"

Determining if this is a free VC compiler failed with the following output:
CreateProcessError: O sistema não pode encontrar o arquivo especificado.

for command: cl /nologo /MD /EHsc "C:\Users\EZEQUIEL\Desktop\baralho\share\cmake-2.8\Modules\CMakeTestForFreeVC.cxx" 
in dir: C:/Users/EZEQUIEL/Desktop/baralho/bin/CMakeFiles/CMakeTmp2

Determining if the C compiler works failed with the following output:


